<?xml version="1.0" encoding="UTF-8"?>
<testng-results skipped="0" failed="0" ignored="0" total="1" passed="1">
  <reporter-output>
  </reporter-output>
  <suite name="Default suite" duration-ms="81" started-at="2020-08-08T13:42:29 EDT" finished-at="2020-08-08T13:42:29 EDT">
    <groups>
    </groups>
    <test name="Default test" duration-ms="81" started-at="2020-08-08T13:42:29 EDT" finished-at="2020-08-08T13:42:29 EDT">
      <class name="testcase.Assertion">
        <test-method status="PASS" signature="f()[pri:0, instance:testcase.Assertion@1165b38]" name="f" duration-ms="24" started-at="2020-08-08T13:42:29 EDT" finished-at="2020-08-08T13:42:29 EDT">
          <reporter-output>
          </reporter-output>
        </test-method> <!-- f -->
      </class> <!-- testcase.Assertion -->
    </test> <!-- Default test -->
  </suite> <!-- Default suite -->
</testng-results>
